CRITICAL - 2023-04-12 05:05:55 --> The framework needs the following extension(s) installed and loaded: intl.
in SYSTEMPATH\CodeIgniter.php on line 226.
 1 SYSTEMPATH\CodeIgniter.php(226): CodeIgniter\Exceptions\FrameworkException::forMissingExtension('intl')
 2 SYSTEMPATH\CodeIgniter.php(190): CodeIgniter\CodeIgniter->resolvePlatformExtensions()
 3 ROOTPATH\spark(83): CodeIgniter\CodeIgniter->initialize()
ERROR - 2023-04-12 03:14:15 --> mysqli_sql_exception: Invalid default value for 'created_at' in E:\development\Proyectos\UPN212TEZIUTLAN\evaldoc\system\Database\MySQLi\Connection.php:295
Stack trace:
#0 E:\development\Proyectos\UPN212TEZIUTLAN\evaldoc\system\Database\MySQLi\Connection.php(295): mysqli->query('CREATE TABLE `s...', 0)
#1 E:\development\Proyectos\UPN212TEZIUTLAN\evaldoc\system\Database\BaseConnection.php(691): CodeIgniter\Database\MySQLi\Connection->execute('CREATE TABLE `s...')
#2 E:\development\Proyectos\UPN212TEZIUTLAN\evaldoc\system\Database\BaseConnection.php(605): CodeIgniter\Database\BaseConnection->simpleQuery('CREATE TABLE `s...')
#3 E:\development\Proyectos\UPN212TEZIUTLAN\evaldoc\system\Database\Forge.php(546): CodeIgniter\Database\BaseConnection->query('CREATE TABLE `s...')
#4 E:\development\Proyectos\UPN212TEZIUTLAN\evaldoc\app\Database\Migrations\2023-04-12-030937_Sede.php(24): CodeIgniter\Database\Forge->createTable('sedes', true)
#5 E:\development\Proyectos\UPN212TEZIUTLAN\evaldoc\system\Database\MigrationRunner.php(877): App\Database\Migrations\Sede->up()
#6 E:\development\Proyectos\UPN212TEZIUTLAN\evaldoc\system\Database\MigrationRunner.php(188): CodeIgniter\Database\MigrationRunner->migrate('up', Object(stdClass))
#7 E:\development\Proyectos\UPN212TEZIUTLAN\evaldoc\system\Commands\Database\Migrate.php(84): CodeIgniter\Database\MigrationRunner->latest(NULL)
#8 E:\development\Proyectos\UPN212TEZIUTLAN\evaldoc\system\CLI\Commands.php(65): CodeIgniter\Commands\Database\Migrate->run(Array)
#9 E:\development\Proyectos\UPN212TEZIUTLAN\evaldoc\system\CLI\Console.php(37): CodeIgniter\CLI\Commands->run('migrate', Array)
#10 E:\development\Proyectos\UPN212TEZIUTLAN\evaldoc\spark(97): CodeIgniter\CLI\Console->run()
#11 {main}
INFO - 2023-04-12 04:04:37 --> Session: Class initialized using 'CodeIgniter\Session\Handlers\FileHandler' driver.
INFO - 2023-04-12 04:04:54 --> Session: Class initialized using 'CodeIgniter\Session\Handlers\FileHandler' driver.
INFO - 2023-04-12 04:04:54 --> Session: Class initialized using 'CodeIgniter\Session\Handlers\FileHandler' driver.
INFO - 2023-04-12 04:05:01 --> Session: Class initialized using 'CodeIgniter\Session\Handlers\FileHandler' driver.
INFO - 2023-04-12 04:05:38 --> Session: Class initialized using 'CodeIgniter\Session\Handlers\FileHandler' driver.
INFO - 2023-04-12 04:06:19 --> Session: Class initialized using 'CodeIgniter\Session\Handlers\FileHandler' driver.
INFO - 2023-04-12 04:06:20 --> Session: Class initialized using 'CodeIgniter\Session\Handlers\FileHandler' driver.
INFO - 2023-04-12 04:06:25 --> Session: Class initialized using 'CodeIgniter\Session\Handlers\FileHandler' driver.
INFO - 2023-04-12 04:06:51 --> Session: Class initialized using 'CodeIgniter\Session\Handlers\FileHandler' driver.
INFO - 2023-04-12 04:07:07 --> Session: Class initialized using 'CodeIgniter\Session\Handlers\FileHandler' driver.
INFO - 2023-04-12 04:07:08 --> Session: Class initialized using 'CodeIgniter\Session\Handlers\FileHandler' driver.
INFO - 2023-04-12 04:07:10 --> Session: Class initialized using 'CodeIgniter\Session\Handlers\FileHandler' driver.
INFO - 2023-04-12 04:08:23 --> Session: Class initialized using 'CodeIgniter\Session\Handlers\FileHandler' driver.
INFO - 2023-04-12 04:08:24 --> Session: Class initialized using 'CodeIgniter\Session\Handlers\FileHandler' driver.
INFO - 2023-04-12 04:08:26 --> Session: Class initialized using 'CodeIgniter\Session\Handlers\FileHandler' driver.
INFO - 2023-04-12 04:08:28 --> Session: Class initialized using 'CodeIgniter\Session\Handlers\FileHandler' driver.
INFO - 2023-04-12 04:08:28 --> Session: Class initialized using 'CodeIgniter\Session\Handlers\FileHandler' driver.
INFO - 2023-04-12 04:08:40 --> Session: Class initialized using 'CodeIgniter\Session\Handlers\FileHandler' driver.
INFO - 2023-04-12 04:08:40 --> Session: Class initialized using 'CodeIgniter\Session\Handlers\FileHandler' driver.
INFO - 2023-04-12 04:08:43 --> Session: Class initialized using 'CodeIgniter\Session\Handlers\FileHandler' driver.
INFO - 2023-04-12 04:09:26 --> Session: Class initialized using 'CodeIgniter\Session\Handlers\FileHandler' driver.
INFO - 2023-04-12 04:09:27 --> Session: Class initialized using 'CodeIgniter\Session\Handlers\FileHandler' driver.
WARNING - 2023-04-12 04:09:27 --> [DEPRECATED] Creation of dynamic property App\Controllers\Admin\UsuarioController::$session is deprecated in APPPATH\Controllers\Admin\UsuarioController.php on line 17.
 1 SYSTEMPATH\CodeIgniter.php(906): App\Controllers\Admin\UsuarioController->__construct()
 2 SYSTEMPATH\CodeIgniter.php(490): CodeIgniter\CodeIgniter->createController()
 3 SYSTEMPATH\CodeIgniter.php(368): CodeIgniter\CodeIgniter->handleRequest(null, Object(Config\Cache), false)
 4 FCPATH\index.php(67): CodeIgniter\CodeIgniter->run()
 5 SYSTEMPATH\Commands\Server\rewrite.php(47): require_once('E:\\development\\Proyectos\\UPN212TEZIUTLAN\\evaldoc\\public\\index.php')
INFO - 2023-04-12 04:09:31 --> Session: Class initialized using 'CodeIgniter\Session\Handlers\FileHandler' driver.
INFO - 2023-04-12 04:09:49 --> Session: Class initialized using 'CodeIgniter\Session\Handlers\FileHandler' driver.
WARNING - 2023-04-12 04:09:49 --> [DEPRECATED] Creation of dynamic property App\Controllers\Admin\SedeController::$session is deprecated in APPPATH\Controllers\Admin\SedeController.php on line 16.
 1 SYSTEMPATH\CodeIgniter.php(906): App\Controllers\Admin\SedeController->__construct()
 2 SYSTEMPATH\CodeIgniter.php(490): CodeIgniter\CodeIgniter->createController()
 3 SYSTEMPATH\CodeIgniter.php(368): CodeIgniter\CodeIgniter->handleRequest(null, Object(Config\Cache), false)
 4 FCPATH\index.php(67): CodeIgniter\CodeIgniter->run()
 5 SYSTEMPATH\Commands\Server\rewrite.php(47): require_once('E:\\development\\Proyectos\\UPN212TEZIUTLAN\\evaldoc\\public\\index.php')
INFO - 2023-04-12 04:09:53 --> Session: Class initialized using 'CodeIgniter\Session\Handlers\FileHandler' driver.
WARNING - 2023-04-12 04:09:53 --> [DEPRECATED] Creation of dynamic property App\Controllers\Admin\AsignaturaController::$session is deprecated in APPPATH\Controllers\Admin\AsignaturaController.php on line 16.
 1 SYSTEMPATH\CodeIgniter.php(906): App\Controllers\Admin\AsignaturaController->__construct()
 2 SYSTEMPATH\CodeIgniter.php(490): CodeIgniter\CodeIgniter->createController()
 3 SYSTEMPATH\CodeIgniter.php(368): CodeIgniter\CodeIgniter->handleRequest(null, Object(Config\Cache), false)
 4 FCPATH\index.php(67): CodeIgniter\CodeIgniter->run()
 5 SYSTEMPATH\Commands\Server\rewrite.php(47): require_once('E:\\development\\Proyectos\\UPN212TEZIUTLAN\\evaldoc\\public\\index.php')
INFO - 2023-04-12 04:09:53 --> Session: Class initialized using 'CodeIgniter\Session\Handlers\FileHandler' driver.
WARNING - 2023-04-12 04:09:53 --> [DEPRECATED] Creation of dynamic property App\Controllers\Admin\AsignaturaController::$session is deprecated in APPPATH\Controllers\Admin\AsignaturaController.php on line 16.
 1 SYSTEMPATH\CodeIgniter.php(906): App\Controllers\Admin\AsignaturaController->__construct()
 2 SYSTEMPATH\CodeIgniter.php(490): CodeIgniter\CodeIgniter->createController()
 3 SYSTEMPATH\CodeIgniter.php(368): CodeIgniter\CodeIgniter->handleRequest(null, Object(Config\Cache), false)
 4 FCPATH\index.php(67): CodeIgniter\CodeIgniter->run()
 5 SYSTEMPATH\Commands\Server\rewrite.php(47): require_once('E:\\development\\Proyectos\\UPN212TEZIUTLAN\\evaldoc\\public\\index.php')
INFO - 2023-04-12 04:09:53 --> Session: Class initialized using 'CodeIgniter\Session\Handlers\FileHandler' driver.
WARNING - 2023-04-12 04:09:53 --> [DEPRECATED] Creation of dynamic property App\Controllers\Admin\AsignaturaController::$session is deprecated in APPPATH\Controllers\Admin\AsignaturaController.php on line 16.
 1 SYSTEMPATH\CodeIgniter.php(906): App\Controllers\Admin\AsignaturaController->__construct()
 2 SYSTEMPATH\CodeIgniter.php(490): CodeIgniter\CodeIgniter->createController()
 3 SYSTEMPATH\CodeIgniter.php(368): CodeIgniter\CodeIgniter->handleRequest(null, Object(Config\Cache), false)
 4 FCPATH\index.php(67): CodeIgniter\CodeIgniter->run()
 5 SYSTEMPATH\Commands\Server\rewrite.php(47): require_once('E:\\development\\Proyectos\\UPN212TEZIUTLAN\\evaldoc\\public\\index.php')
INFO - 2023-04-12 04:09:54 --> Session: Class initialized using 'CodeIgniter\Session\Handlers\FileHandler' driver.
WARNING - 2023-04-12 04:09:54 --> [DEPRECATED] Creation of dynamic property App\Controllers\Admin\AsignaturaController::$session is deprecated in APPPATH\Controllers\Admin\AsignaturaController.php on line 16.
 1 SYSTEMPATH\CodeIgniter.php(906): App\Controllers\Admin\AsignaturaController->__construct()
 2 SYSTEMPATH\CodeIgniter.php(490): CodeIgniter\CodeIgniter->createController()
 3 SYSTEMPATH\CodeIgniter.php(368): CodeIgniter\CodeIgniter->handleRequest(null, Object(Config\Cache), false)
 4 FCPATH\index.php(67): CodeIgniter\CodeIgniter->run()
 5 SYSTEMPATH\Commands\Server\rewrite.php(47): require_once('E:\\development\\Proyectos\\UPN212TEZIUTLAN\\evaldoc\\public\\index.php')
INFO - 2023-04-12 04:09:54 --> Session: Class initialized using 'CodeIgniter\Session\Handlers\FileHandler' driver.
WARNING - 2023-04-12 04:09:54 --> [DEPRECATED] Creation of dynamic property App\Controllers\Admin\AsignaturaController::$session is deprecated in APPPATH\Controllers\Admin\AsignaturaController.php on line 16.
 1 SYSTEMPATH\CodeIgniter.php(906): App\Controllers\Admin\AsignaturaController->__construct()
 2 SYSTEMPATH\CodeIgniter.php(490): CodeIgniter\CodeIgniter->createController()
 3 SYSTEMPATH\CodeIgniter.php(368): CodeIgniter\CodeIgniter->handleRequest(null, Object(Config\Cache), false)
 4 FCPATH\index.php(67): CodeIgniter\CodeIgniter->run()
 5 SYSTEMPATH\Commands\Server\rewrite.php(47): require_once('E:\\development\\Proyectos\\UPN212TEZIUTLAN\\evaldoc\\public\\index.php')
INFO - 2023-04-12 04:09:54 --> Session: Class initialized using 'CodeIgniter\Session\Handlers\FileHandler' driver.
WARNING - 2023-04-12 04:09:54 --> [DEPRECATED] Creation of dynamic property App\Controllers\Admin\AsignaturaController::$session is deprecated in APPPATH\Controllers\Admin\AsignaturaController.php on line 16.
 1 SYSTEMPATH\CodeIgniter.php(906): App\Controllers\Admin\AsignaturaController->__construct()
 2 SYSTEMPATH\CodeIgniter.php(490): CodeIgniter\CodeIgniter->createController()
 3 SYSTEMPATH\CodeIgniter.php(368): CodeIgniter\CodeIgniter->handleRequest(null, Object(Config\Cache), false)
 4 FCPATH\index.php(67): CodeIgniter\CodeIgniter->run()
 5 SYSTEMPATH\Commands\Server\rewrite.php(47): require_once('E:\\development\\Proyectos\\UPN212TEZIUTLAN\\evaldoc\\public\\index.php')
INFO - 2023-04-12 04:09:54 --> Session: Class initialized using 'CodeIgniter\Session\Handlers\FileHandler' driver.
WARNING - 2023-04-12 04:09:54 --> [DEPRECATED] Creation of dynamic property App\Controllers\Admin\AsignaturaController::$session is deprecated in APPPATH\Controllers\Admin\AsignaturaController.php on line 16.
 1 SYSTEMPATH\CodeIgniter.php(906): App\Controllers\Admin\AsignaturaController->__construct()
 2 SYSTEMPATH\CodeIgniter.php(490): CodeIgniter\CodeIgniter->createController()
 3 SYSTEMPATH\CodeIgniter.php(368): CodeIgniter\CodeIgniter->handleRequest(null, Object(Config\Cache), false)
 4 FCPATH\index.php(67): CodeIgniter\CodeIgniter->run()
 5 SYSTEMPATH\Commands\Server\rewrite.php(47): require_once('E:\\development\\Proyectos\\UPN212TEZIUTLAN\\evaldoc\\public\\index.php')
INFO - 2023-04-12 04:09:56 --> Session: Class initialized using 'CodeIgniter\Session\Handlers\FileHandler' driver.
WARNING - 2023-04-12 04:09:56 --> [DEPRECATED] Creation of dynamic property App\Controllers\Admin\SedeController::$session is deprecated in APPPATH\Controllers\Admin\SedeController.php on line 16.
 1 SYSTEMPATH\CodeIgniter.php(906): App\Controllers\Admin\SedeController->__construct()
 2 SYSTEMPATH\CodeIgniter.php(490): CodeIgniter\CodeIgniter->createController()
 3 SYSTEMPATH\CodeIgniter.php(368): CodeIgniter\CodeIgniter->handleRequest(null, Object(Config\Cache), false)
 4 FCPATH\index.php(67): CodeIgniter\CodeIgniter->run()
 5 SYSTEMPATH\Commands\Server\rewrite.php(47): require_once('E:\\development\\Proyectos\\UPN212TEZIUTLAN\\evaldoc\\public\\index.php')
INFO - 2023-04-12 04:10:24 --> Session: Class initialized using 'CodeIgniter\Session\Handlers\FileHandler' driver.
WARNING - 2023-04-12 04:10:24 --> [DEPRECATED] Creation of dynamic property App\Controllers\Admin\SedeController::$session is deprecated in APPPATH\Controllers\Admin\SedeController.php on line 16.
 1 SYSTEMPATH\CodeIgniter.php(906): App\Controllers\Admin\SedeController->__construct()
 2 SYSTEMPATH\CodeIgniter.php(490): CodeIgniter\CodeIgniter->createController()
 3 SYSTEMPATH\CodeIgniter.php(368): CodeIgniter\CodeIgniter->handleRequest(null, Object(Config\Cache), false)
 4 FCPATH\index.php(67): CodeIgniter\CodeIgniter->run()
 5 SYSTEMPATH\Commands\Server\rewrite.php(47): require_once('E:\\development\\Proyectos\\UPN212TEZIUTLAN\\evaldoc\\public\\index.php')
INFO - 2023-04-12 04:10:26 --> Session: Class initialized using 'CodeIgniter\Session\Handlers\FileHandler' driver.
INFO - 2023-04-12 04:10:28 --> Session: Class initialized using 'CodeIgniter\Session\Handlers\FileHandler' driver.
WARNING - 2023-04-12 04:10:28 --> [DEPRECATED] Creation of dynamic property App\Controllers\Admin\SedeController::$session is deprecated in APPPATH\Controllers\Admin\SedeController.php on line 16.
 1 SYSTEMPATH\CodeIgniter.php(906): App\Controllers\Admin\SedeController->__construct()
 2 SYSTEMPATH\CodeIgniter.php(490): CodeIgniter\CodeIgniter->createController()
 3 SYSTEMPATH\CodeIgniter.php(368): CodeIgniter\CodeIgniter->handleRequest(null, Object(Config\Cache), false)
 4 FCPATH\index.php(67): CodeIgniter\CodeIgniter->run()
 5 SYSTEMPATH\Commands\Server\rewrite.php(47): require_once('E:\\development\\Proyectos\\UPN212TEZIUTLAN\\evaldoc\\public\\index.php')
INFO - 2023-04-12 04:16:26 --> Session: Class initialized using 'CodeIgniter\Session\Handlers\FileHandler' driver.
WARNING - 2023-04-12 04:16:26 --> [DEPRECATED] Creation of dynamic property App\Controllers\Admin\SedeController::$session is deprecated in APPPATH\Controllers\Admin\SedeController.php on line 16.
 1 SYSTEMPATH\CodeIgniter.php(906): App\Controllers\Admin\SedeController->__construct()
 2 SYSTEMPATH\CodeIgniter.php(490): CodeIgniter\CodeIgniter->createController()
 3 SYSTEMPATH\CodeIgniter.php(368): CodeIgniter\CodeIgniter->handleRequest(null, Object(Config\Cache), false)
 4 FCPATH\index.php(67): CodeIgniter\CodeIgniter->run()
 5 SYSTEMPATH\Commands\Server\rewrite.php(47): require_once('E:\\development\\Proyectos\\UPN212TEZIUTLAN\\evaldoc\\public\\index.php')
INFO - 2023-04-12 04:16:28 --> Session: Class initialized using 'CodeIgniter\Session\Handlers\FileHandler' driver.
WARNING - 2023-04-12 04:16:28 --> [DEPRECATED] Creation of dynamic property App\Controllers\Admin\SedeController::$session is deprecated in APPPATH\Controllers\Admin\SedeController.php on line 16.
 1 SYSTEMPATH\CodeIgniter.php(906): App\Controllers\Admin\SedeController->__construct()
 2 SYSTEMPATH\CodeIgniter.php(490): CodeIgniter\CodeIgniter->createController()
 3 SYSTEMPATH\CodeIgniter.php(368): CodeIgniter\CodeIgniter->handleRequest(null, Object(Config\Cache), false)
 4 FCPATH\index.php(67): CodeIgniter\CodeIgniter->run()
 5 SYSTEMPATH\Commands\Server\rewrite.php(47): require_once('E:\\development\\Proyectos\\UPN212TEZIUTLAN\\evaldoc\\public\\index.php')
INFO - 2023-04-12 04:16:28 --> Session: Class initialized using 'CodeIgniter\Session\Handlers\FileHandler' driver.
WARNING - 2023-04-12 04:16:29 --> [DEPRECATED] Creation of dynamic property App\Controllers\Admin\SedeController::$session is deprecated in APPPATH\Controllers\Admin\SedeController.php on line 16.
 1 SYSTEMPATH\CodeIgniter.php(906): App\Controllers\Admin\SedeController->__construct()
 2 SYSTEMPATH\CodeIgniter.php(490): CodeIgniter\CodeIgniter->createController()
 3 SYSTEMPATH\CodeIgniter.php(368): CodeIgniter\CodeIgniter->handleRequest(null, Object(Config\Cache), false)
 4 FCPATH\index.php(67): CodeIgniter\CodeIgniter->run()
 5 SYSTEMPATH\Commands\Server\rewrite.php(47): require_once('E:\\development\\Proyectos\\UPN212TEZIUTLAN\\evaldoc\\public\\index.php')
INFO - 2023-04-12 04:16:29 --> Session: Class initialized using 'CodeIgniter\Session\Handlers\FileHandler' driver.
WARNING - 2023-04-12 04:16:29 --> [DEPRECATED] Creation of dynamic property App\Controllers\Admin\SedeController::$session is deprecated in APPPATH\Controllers\Admin\SedeController.php on line 16.
 1 SYSTEMPATH\CodeIgniter.php(906): App\Controllers\Admin\SedeController->__construct()
 2 SYSTEMPATH\CodeIgniter.php(490): CodeIgniter\CodeIgniter->createController()
 3 SYSTEMPATH\CodeIgniter.php(368): CodeIgniter\CodeIgniter->handleRequest(null, Object(Config\Cache), false)
 4 FCPATH\index.php(67): CodeIgniter\CodeIgniter->run()
 5 SYSTEMPATH\Commands\Server\rewrite.php(47): require_once('E:\\development\\Proyectos\\UPN212TEZIUTLAN\\evaldoc\\public\\index.php')
INFO - 2023-04-12 04:16:29 --> Session: Class initialized using 'CodeIgniter\Session\Handlers\FileHandler' driver.
WARNING - 2023-04-12 04:16:29 --> [DEPRECATED] Creation of dynamic property App\Controllers\Admin\SedeController::$session is deprecated in APPPATH\Controllers\Admin\SedeController.php on line 16.
 1 SYSTEMPATH\CodeIgniter.php(906): App\Controllers\Admin\SedeController->__construct()
 2 SYSTEMPATH\CodeIgniter.php(490): CodeIgniter\CodeIgniter->createController()
 3 SYSTEMPATH\CodeIgniter.php(368): CodeIgniter\CodeIgniter->handleRequest(null, Object(Config\Cache), false)
 4 FCPATH\index.php(67): CodeIgniter\CodeIgniter->run()
 5 SYSTEMPATH\Commands\Server\rewrite.php(47): require_once('E:\\development\\Proyectos\\UPN212TEZIUTLAN\\evaldoc\\public\\index.php')
INFO - 2023-04-12 04:16:29 --> Session: Class initialized using 'CodeIgniter\Session\Handlers\FileHandler' driver.
WARNING - 2023-04-12 04:16:29 --> [DEPRECATED] Creation of dynamic property App\Controllers\Admin\SedeController::$session is deprecated in APPPATH\Controllers\Admin\SedeController.php on line 16.
 1 SYSTEMPATH\CodeIgniter.php(906): App\Controllers\Admin\SedeController->__construct()
 2 SYSTEMPATH\CodeIgniter.php(490): CodeIgniter\CodeIgniter->createController()
 3 SYSTEMPATH\CodeIgniter.php(368): CodeIgniter\CodeIgniter->handleRequest(null, Object(Config\Cache), false)
 4 FCPATH\index.php(67): CodeIgniter\CodeIgniter->run()
 5 SYSTEMPATH\Commands\Server\rewrite.php(47): require_once('E:\\development\\Proyectos\\UPN212TEZIUTLAN\\evaldoc\\public\\index.php')
INFO - 2023-04-12 04:16:29 --> Session: Class initialized using 'CodeIgniter\Session\Handlers\FileHandler' driver.
WARNING - 2023-04-12 04:16:29 --> [DEPRECATED] Creation of dynamic property App\Controllers\Admin\SedeController::$session is deprecated in APPPATH\Controllers\Admin\SedeController.php on line 16.
 1 SYSTEMPATH\CodeIgniter.php(906): App\Controllers\Admin\SedeController->__construct()
 2 SYSTEMPATH\CodeIgniter.php(490): CodeIgniter\CodeIgniter->createController()
 3 SYSTEMPATH\CodeIgniter.php(368): CodeIgniter\CodeIgniter->handleRequest(null, Object(Config\Cache), false)
 4 FCPATH\index.php(67): CodeIgniter\CodeIgniter->run()
 5 SYSTEMPATH\Commands\Server\rewrite.php(47): require_once('E:\\development\\Proyectos\\UPN212TEZIUTLAN\\evaldoc\\public\\index.php')
INFO - 2023-04-12 04:16:29 --> Session: Class initialized using 'CodeIgniter\Session\Handlers\FileHandler' driver.
WARNING - 2023-04-12 04:16:29 --> [DEPRECATED] Creation of dynamic property App\Controllers\Admin\SedeController::$session is deprecated in APPPATH\Controllers\Admin\SedeController.php on line 16.
 1 SYSTEMPATH\CodeIgniter.php(906): App\Controllers\Admin\SedeController->__construct()
 2 SYSTEMPATH\CodeIgniter.php(490): CodeIgniter\CodeIgniter->createController()
 3 SYSTEMPATH\CodeIgniter.php(368): CodeIgniter\CodeIgniter->handleRequest(null, Object(Config\Cache), false)
 4 FCPATH\index.php(67): CodeIgniter\CodeIgniter->run()
 5 SYSTEMPATH\Commands\Server\rewrite.php(47): require_once('E:\\development\\Proyectos\\UPN212TEZIUTLAN\\evaldoc\\public\\index.php')
INFO - 2023-04-12 04:17:47 --> Session: Class initialized using 'CodeIgniter\Session\Handlers\FileHandler' driver.
WARNING - 2023-04-12 04:17:47 --> [DEPRECATED] Creation of dynamic property App\Controllers\Admin\SedeController::$session is deprecated in APPPATH\Controllers\Admin\SedeController.php on line 16.
 1 SYSTEMPATH\CodeIgniter.php(906): App\Controllers\Admin\SedeController->__construct()
 2 SYSTEMPATH\CodeIgniter.php(490): CodeIgniter\CodeIgniter->createController()
 3 SYSTEMPATH\CodeIgniter.php(368): CodeIgniter\CodeIgniter->handleRequest(null, Object(Config\Cache), false)
 4 FCPATH\index.php(67): CodeIgniter\CodeIgniter->run()
 5 SYSTEMPATH\Commands\Server\rewrite.php(47): require_once('E:\\development\\Proyectos\\UPN212TEZIUTLAN\\evaldoc\\public\\index.php')
INFO - 2023-04-12 04:17:48 --> Session: Class initialized using 'CodeIgniter\Session\Handlers\FileHandler' driver.
WARNING - 2023-04-12 04:17:48 --> [DEPRECATED] Creation of dynamic property App\Controllers\Admin\SedeController::$session is deprecated in APPPATH\Controllers\Admin\SedeController.php on line 16.
 1 SYSTEMPATH\CodeIgniter.php(906): App\Controllers\Admin\SedeController->__construct()
 2 SYSTEMPATH\CodeIgniter.php(490): CodeIgniter\CodeIgniter->createController()
 3 SYSTEMPATH\CodeIgniter.php(368): CodeIgniter\CodeIgniter->handleRequest(null, Object(Config\Cache), false)
 4 FCPATH\index.php(67): CodeIgniter\CodeIgniter->run()
 5 SYSTEMPATH\Commands\Server\rewrite.php(47): require_once('E:\\development\\Proyectos\\UPN212TEZIUTLAN\\evaldoc\\public\\index.php')
CRITICAL - 2023-04-12 04:17:48 --> Attempt to read property "id" on array
in APPPATH\Views\admin\sedes\index.php on line 79.
 1 APPPATH\Views\admin\sedes\index.php(79): CodeIgniter\Debug\Exceptions->errorHandler(2, 'Attempt to read property "id" on array', 'E:\\development\\Proyectos\\UPN212TEZIUTLAN\\evaldoc\\app\\Views\\admin\\sedes\\index.php', 79)
 2 SYSTEMPATH\View\View.php(213): include('E:\\development\\Proyectos\\UPN212TEZIUTLAN\\evaldoc\\app\\Views\\admin\\sedes\\index.php')
 3 SYSTEMPATH\View\View.php(216): CodeIgniter\View\View->CodeIgniter\View\{closure}()
 4 SYSTEMPATH\Common.php(1184): CodeIgniter\View\View->render('admin/sedes/index', [], true)
 5 APPPATH\Controllers\Admin\SedeController.php(32): view('admin/sedes/index', [...])
 6 SYSTEMPATH\CodeIgniter.php(934): App\Controllers\Admin\SedeController->index()
 7 SYSTEMPATH\CodeIgniter.php(499): CodeIgniter\CodeIgniter->runController(Object(App\Controllers\Admin\SedeController))
 8 SYSTEMPATH\CodeIgniter.php(368): CodeIgniter\CodeIgniter->handleRequest(null, Object(Config\Cache), false)
 9 FCPATH\index.php(67): CodeIgniter\CodeIgniter->run()
10 SYSTEMPATH\Commands\Server\rewrite.php(47): require_once('E:\\development\\Proyectos\\UPN212TEZIUTLAN\\evaldoc\\public\\index.php')
INFO - 2023-04-12 04:19:12 --> Session: Class initialized using 'CodeIgniter\Session\Handlers\FileHandler' driver.
WARNING - 2023-04-12 04:19:12 --> [DEPRECATED] Creation of dynamic property App\Controllers\Admin\SedeController::$session is deprecated in APPPATH\Controllers\Admin\SedeController.php on line 16.
 1 SYSTEMPATH\CodeIgniter.php(906): App\Controllers\Admin\SedeController->__construct()
 2 SYSTEMPATH\CodeIgniter.php(490): CodeIgniter\CodeIgniter->createController()
 3 SYSTEMPATH\CodeIgniter.php(368): CodeIgniter\CodeIgniter->handleRequest(null, Object(Config\Cache), false)
 4 FCPATH\index.php(67): CodeIgniter\CodeIgniter->run()
 5 SYSTEMPATH\Commands\Server\rewrite.php(47): require_once('E:\\development\\Proyectos\\UPN212TEZIUTLAN\\evaldoc\\public\\index.php')
CRITICAL - 2023-04-12 04:19:12 --> Attempt to read property "id" on array
in APPPATH\Views\admin\sedes\index.php on line 86.
 1 APPPATH\Views\admin\sedes\index.php(86): CodeIgniter\Debug\Exceptions->errorHandler(2, 'Attempt to read property "id" on array', 'E:\\development\\Proyectos\\UPN212TEZIUTLAN\\evaldoc\\app\\Views\\admin\\sedes\\index.php', 86)
 2 SYSTEMPATH\View\View.php(213): include('E:\\development\\Proyectos\\UPN212TEZIUTLAN\\evaldoc\\app\\Views\\admin\\sedes\\index.php')
 3 SYSTEMPATH\View\View.php(216): CodeIgniter\View\View->CodeIgniter\View\{closure}()
 4 SYSTEMPATH\Common.php(1184): CodeIgniter\View\View->render('admin/sedes/index', [], true)
 5 APPPATH\Controllers\Admin\SedeController.php(32): view('admin/sedes/index', [...])
 6 SYSTEMPATH\CodeIgniter.php(934): App\Controllers\Admin\SedeController->index()
 7 SYSTEMPATH\CodeIgniter.php(499): CodeIgniter\CodeIgniter->runController(Object(App\Controllers\Admin\SedeController))
 8 SYSTEMPATH\CodeIgniter.php(368): CodeIgniter\CodeIgniter->handleRequest(null, Object(Config\Cache), false)
 9 FCPATH\index.php(67): CodeIgniter\CodeIgniter->run()
10 SYSTEMPATH\Commands\Server\rewrite.php(47): require_once('E:\\development\\Proyectos\\UPN212TEZIUTLAN\\evaldoc\\public\\index.php')
INFO - 2023-04-12 04:19:14 --> Session: Class initialized using 'CodeIgniter\Session\Handlers\FileHandler' driver.
WARNING - 2023-04-12 04:19:14 --> [DEPRECATED] Creation of dynamic property App\Controllers\Admin\SedeController::$session is deprecated in APPPATH\Controllers\Admin\SedeController.php on line 16.
 1 SYSTEMPATH\CodeIgniter.php(906): App\Controllers\Admin\SedeController->__construct()
 2 SYSTEMPATH\CodeIgniter.php(490): CodeIgniter\CodeIgniter->createController()
 3 SYSTEMPATH\CodeIgniter.php(368): CodeIgniter\CodeIgniter->handleRequest(null, Object(Config\Cache), false)
 4 FCPATH\index.php(67): CodeIgniter\CodeIgniter->run()
 5 SYSTEMPATH\Commands\Server\rewrite.php(47): require_once('E:\\development\\Proyectos\\UPN212TEZIUTLAN\\evaldoc\\public\\index.php')
CRITICAL - 2023-04-12 04:19:14 --> Attempt to read property "id" on array
in APPPATH\Views\admin\sedes\index.php on line 86.
 1 APPPATH\Views\admin\sedes\index.php(86): CodeIgniter\Debug\Exceptions->errorHandler(2, 'Attempt to read property "id" on array', 'E:\\development\\Proyectos\\UPN212TEZIUTLAN\\evaldoc\\app\\Views\\admin\\sedes\\index.php', 86)
 2 SYSTEMPATH\View\View.php(213): include('E:\\development\\Proyectos\\UPN212TEZIUTLAN\\evaldoc\\app\\Views\\admin\\sedes\\index.php')
 3 SYSTEMPATH\View\View.php(216): CodeIgniter\View\View->CodeIgniter\View\{closure}()
 4 SYSTEMPATH\Common.php(1184): CodeIgniter\View\View->render('admin/sedes/index', [], true)
 5 APPPATH\Controllers\Admin\SedeController.php(32): view('admin/sedes/index', [...])
 6 SYSTEMPATH\CodeIgniter.php(934): App\Controllers\Admin\SedeController->index()
 7 SYSTEMPATH\CodeIgniter.php(499): CodeIgniter\CodeIgniter->runController(Object(App\Controllers\Admin\SedeController))
 8 SYSTEMPATH\CodeIgniter.php(368): CodeIgniter\CodeIgniter->handleRequest(null, Object(Config\Cache), false)
 9 FCPATH\index.php(67): CodeIgniter\CodeIgniter->run()
10 SYSTEMPATH\Commands\Server\rewrite.php(47): require_once('E:\\development\\Proyectos\\UPN212TEZIUTLAN\\evaldoc\\public\\index.php')
INFO - 2023-04-12 04:20:02 --> Session: Class initialized using 'CodeIgniter\Session\Handlers\FileHandler' driver.
WARNING - 2023-04-12 04:20:02 --> [DEPRECATED] Creation of dynamic property App\Controllers\Admin\SedeController::$session is deprecated in APPPATH\Controllers\Admin\SedeController.php on line 16.
 1 SYSTEMPATH\CodeIgniter.php(906): App\Controllers\Admin\SedeController->__construct()
 2 SYSTEMPATH\CodeIgniter.php(490): CodeIgniter\CodeIgniter->createController()
 3 SYSTEMPATH\CodeIgniter.php(368): CodeIgniter\CodeIgniter->handleRequest(null, Object(Config\Cache), false)
 4 FCPATH\index.php(67): CodeIgniter\CodeIgniter->run()
 5 SYSTEMPATH\Commands\Server\rewrite.php(47): require_once('E:\\development\\Proyectos\\UPN212TEZIUTLAN\\evaldoc\\public\\index.php')
INFO - 2023-04-12 04:22:18 --> Session: Class initialized using 'CodeIgniter\Session\Handlers\FileHandler' driver.
WARNING - 2023-04-12 04:22:18 --> [DEPRECATED] Creation of dynamic property App\Controllers\Admin\SedeController::$session is deprecated in APPPATH\Controllers\Admin\SedeController.php on line 16.
 1 SYSTEMPATH\CodeIgniter.php(906): App\Controllers\Admin\SedeController->__construct()
 2 SYSTEMPATH\CodeIgniter.php(490): CodeIgniter\CodeIgniter->createController()
 3 SYSTEMPATH\CodeIgniter.php(368): CodeIgniter\CodeIgniter->handleRequest(null, Object(Config\Cache), false)
 4 FCPATH\index.php(67): CodeIgniter\CodeIgniter->run()
 5 SYSTEMPATH\Commands\Server\rewrite.php(47): require_once('E:\\development\\Proyectos\\UPN212TEZIUTLAN\\evaldoc\\public\\index.php')
INFO - 2023-04-12 04:23:05 --> Session: Class initialized using 'CodeIgniter\Session\Handlers\FileHandler' driver.
WARNING - 2023-04-12 04:23:05 --> [DEPRECATED] Creation of dynamic property App\Controllers\Admin\SedeController::$session is deprecated in APPPATH\Controllers\Admin\SedeController.php on line 16.
 1 SYSTEMPATH\CodeIgniter.php(906): App\Controllers\Admin\SedeController->__construct()
 2 SYSTEMPATH\CodeIgniter.php(490): CodeIgniter\CodeIgniter->createController()
 3 SYSTEMPATH\CodeIgniter.php(368): CodeIgniter\CodeIgniter->handleRequest(null, Object(Config\Cache), false)
 4 FCPATH\index.php(67): CodeIgniter\CodeIgniter->run()
 5 SYSTEMPATH\Commands\Server\rewrite.php(47): require_once('E:\\development\\Proyectos\\UPN212TEZIUTLAN\\evaldoc\\public\\index.php')
INFO - 2023-04-12 04:27:50 --> Session: Class initialized using 'CodeIgniter\Session\Handlers\FileHandler' driver.
WARNING - 2023-04-12 04:27:50 --> [DEPRECATED] Creation of dynamic property App\Controllers\Admin\SedeController::$session is deprecated in APPPATH\Controllers\Admin\SedeController.php on line 16.
 1 SYSTEMPATH\CodeIgniter.php(906): App\Controllers\Admin\SedeController->__construct()
 2 SYSTEMPATH\CodeIgniter.php(490): CodeIgniter\CodeIgniter->createController()
 3 SYSTEMPATH\CodeIgniter.php(368): CodeIgniter\CodeIgniter->handleRequest(null, Object(Config\Cache), false)
 4 FCPATH\index.php(67): CodeIgniter\CodeIgniter->run()
 5 SYSTEMPATH\Commands\Server\rewrite.php(47): require_once('E:\\development\\Proyectos\\UPN212TEZIUTLAN\\evaldoc\\public\\index.php')
INFO - 2023-04-12 04:27:50 --> Session: Class initialized using 'CodeIgniter\Session\Handlers\FileHandler' driver.
WARNING - 2023-04-12 04:27:50 --> [DEPRECATED] Creation of dynamic property App\Controllers\Admin\SedeController::$session is deprecated in APPPATH\Controllers\Admin\SedeController.php on line 16.
 1 SYSTEMPATH\CodeIgniter.php(906): App\Controllers\Admin\SedeController->__construct()
 2 SYSTEMPATH\CodeIgniter.php(490): CodeIgniter\CodeIgniter->createController()
 3 SYSTEMPATH\CodeIgniter.php(368): CodeIgniter\CodeIgniter->handleRequest(null, Object(Config\Cache), false)
 4 FCPATH\index.php(67): CodeIgniter\CodeIgniter->run()
 5 SYSTEMPATH\Commands\Server\rewrite.php(47): require_once('E:\\development\\Proyectos\\UPN212TEZIUTLAN\\evaldoc\\public\\index.php')
INFO - 2023-04-12 04:27:50 --> Session: Class initialized using 'CodeIgniter\Session\Handlers\FileHandler' driver.
WARNING - 2023-04-12 04:27:50 --> [DEPRECATED] Creation of dynamic property App\Controllers\Admin\SedeController::$session is deprecated in APPPATH\Controllers\Admin\SedeController.php on line 16.
 1 SYSTEMPATH\CodeIgniter.php(906): App\Controllers\Admin\SedeController->__construct()
 2 SYSTEMPATH\CodeIgniter.php(490): CodeIgniter\CodeIgniter->createController()
 3 SYSTEMPATH\CodeIgniter.php(368): CodeIgniter\CodeIgniter->handleRequest(null, Object(Config\Cache), false)
 4 FCPATH\index.php(67): CodeIgniter\CodeIgniter->run()
 5 SYSTEMPATH\Commands\Server\rewrite.php(47): require_once('E:\\development\\Proyectos\\UPN212TEZIUTLAN\\evaldoc\\public\\index.php')
INFO - 2023-04-12 04:27:50 --> Session: Class initialized using 'CodeIgniter\Session\Handlers\FileHandler' driver.
WARNING - 2023-04-12 04:27:50 --> [DEPRECATED] Creation of dynamic property App\Controllers\Admin\SedeController::$session is deprecated in APPPATH\Controllers\Admin\SedeController.php on line 16.
 1 SYSTEMPATH\CodeIgniter.php(906): App\Controllers\Admin\SedeController->__construct()
 2 SYSTEMPATH\CodeIgniter.php(490): CodeIgniter\CodeIgniter->createController()
 3 SYSTEMPATH\CodeIgniter.php(368): CodeIgniter\CodeIgniter->handleRequest(null, Object(Config\Cache), false)
 4 FCPATH\index.php(67): CodeIgniter\CodeIgniter->run()
 5 SYSTEMPATH\Commands\Server\rewrite.php(47): require_once('E:\\development\\Proyectos\\UPN212TEZIUTLAN\\evaldoc\\public\\index.php')
INFO - 2023-04-12 04:27:51 --> Session: Class initialized using 'CodeIgniter\Session\Handlers\FileHandler' driver.
WARNING - 2023-04-12 04:27:51 --> [DEPRECATED] Creation of dynamic property App\Controllers\Admin\SedeController::$session is deprecated in APPPATH\Controllers\Admin\SedeController.php on line 16.
 1 SYSTEMPATH\CodeIgniter.php(906): App\Controllers\Admin\SedeController->__construct()
 2 SYSTEMPATH\CodeIgniter.php(490): CodeIgniter\CodeIgniter->createController()
 3 SYSTEMPATH\CodeIgniter.php(368): CodeIgniter\CodeIgniter->handleRequest(null, Object(Config\Cache), false)
 4 FCPATH\index.php(67): CodeIgniter\CodeIgniter->run()
 5 SYSTEMPATH\Commands\Server\rewrite.php(47): require_once('E:\\development\\Proyectos\\UPN212TEZIUTLAN\\evaldoc\\public\\index.php')
INFO - 2023-04-12 04:27:51 --> Session: Class initialized using 'CodeIgniter\Session\Handlers\FileHandler' driver.
WARNING - 2023-04-12 04:27:51 --> [DEPRECATED] Creation of dynamic property App\Controllers\Admin\SedeController::$session is deprecated in APPPATH\Controllers\Admin\SedeController.php on line 16.
 1 SYSTEMPATH\CodeIgniter.php(906): App\Controllers\Admin\SedeController->__construct()
 2 SYSTEMPATH\CodeIgniter.php(490): CodeIgniter\CodeIgniter->createController()
 3 SYSTEMPATH\CodeIgniter.php(368): CodeIgniter\CodeIgniter->handleRequest(null, Object(Config\Cache), false)
 4 FCPATH\index.php(67): CodeIgniter\CodeIgniter->run()
 5 SYSTEMPATH\Commands\Server\rewrite.php(47): require_once('E:\\development\\Proyectos\\UPN212TEZIUTLAN\\evaldoc\\public\\index.php')
INFO - 2023-04-12 04:27:51 --> Session: Class initialized using 'CodeIgniter\Session\Handlers\FileHandler' driver.
WARNING - 2023-04-12 04:27:51 --> [DEPRECATED] Creation of dynamic property App\Controllers\Admin\SedeController::$session is deprecated in APPPATH\Controllers\Admin\SedeController.php on line 16.
 1 SYSTEMPATH\CodeIgniter.php(906): App\Controllers\Admin\SedeController->__construct()
 2 SYSTEMPATH\CodeIgniter.php(490): CodeIgniter\CodeIgniter->createController()
 3 SYSTEMPATH\CodeIgniter.php(368): CodeIgniter\CodeIgniter->handleRequest(null, Object(Config\Cache), false)
 4 FCPATH\index.php(67): CodeIgniter\CodeIgniter->run()
 5 SYSTEMPATH\Commands\Server\rewrite.php(47): require_once('E:\\development\\Proyectos\\UPN212TEZIUTLAN\\evaldoc\\public\\index.php')
INFO - 2023-04-12 04:28:10 --> Session: Class initialized using 'CodeIgniter\Session\Handlers\FileHandler' driver.
WARNING - 2023-04-12 04:28:10 --> [DEPRECATED] Creation of dynamic property App\Controllers\Admin\SedeController::$session is deprecated in APPPATH\Controllers\Admin\SedeController.php on line 16.
 1 SYSTEMPATH\CodeIgniter.php(906): App\Controllers\Admin\SedeController->__construct()
 2 SYSTEMPATH\CodeIgniter.php(490): CodeIgniter\CodeIgniter->createController()
 3 SYSTEMPATH\CodeIgniter.php(368): CodeIgniter\CodeIgniter->handleRequest(null, Object(Config\Cache), false)
 4 FCPATH\index.php(67): CodeIgniter\CodeIgniter->run()
 5 SYSTEMPATH\Commands\Server\rewrite.php(47): require_once('E:\\development\\Proyectos\\UPN212TEZIUTLAN\\evaldoc\\public\\index.php')
INFO - 2023-04-12 04:28:53 --> Session: Class initialized using 'CodeIgniter\Session\Handlers\FileHandler' driver.
WARNING - 2023-04-12 04:28:53 --> [DEPRECATED] Creation of dynamic property App\Controllers\Admin\SedeController::$session is deprecated in APPPATH\Controllers\Admin\SedeController.php on line 16.
 1 SYSTEMPATH\CodeIgniter.php(906): App\Controllers\Admin\SedeController->__construct()
 2 SYSTEMPATH\CodeIgniter.php(490): CodeIgniter\CodeIgniter->createController()
 3 SYSTEMPATH\CodeIgniter.php(368): CodeIgniter\CodeIgniter->handleRequest(null, Object(Config\Cache), false)
 4 FCPATH\index.php(67): CodeIgniter\CodeIgniter->run()
 5 SYSTEMPATH\Commands\Server\rewrite.php(47): require_once('E:\\development\\Proyectos\\UPN212TEZIUTLAN\\evaldoc\\public\\index.php')
INFO - 2023-04-12 04:28:57 --> Session: Class initialized using 'CodeIgniter\Session\Handlers\FileHandler' driver.
WARNING - 2023-04-12 04:28:57 --> [DEPRECATED] Creation of dynamic property App\Controllers\Admin\SedeController::$session is deprecated in APPPATH\Controllers\Admin\SedeController.php on line 16.
 1 SYSTEMPATH\CodeIgniter.php(906): App\Controllers\Admin\SedeController->__construct()
 2 SYSTEMPATH\CodeIgniter.php(490): CodeIgniter\CodeIgniter->createController()
 3 SYSTEMPATH\CodeIgniter.php(368): CodeIgniter\CodeIgniter->handleRequest(null, Object(Config\Cache), false)
 4 FCPATH\index.php(67): CodeIgniter\CodeIgniter->run()
 5 SYSTEMPATH\Commands\Server\rewrite.php(47): require_once('E:\\development\\Proyectos\\UPN212TEZIUTLAN\\evaldoc\\public\\index.php')
CRITICAL - 2023-04-12 04:28:57 --> Undefined variable $asignatura
in APPPATH\Views\admin\sedes\show.php on line 22.
 1 APPPATH\Views\admin\sedes\show.php(22): CodeIgniter\Debug\Exceptions->errorHandler(2, 'Undefined variable $asignatura', 'E:\\development\\Proyectos\\UPN212TEZIUTLAN\\evaldoc\\app\\Views\\admin\\sedes\\show.php', 22)
 2 SYSTEMPATH\View\View.php(213): include('E:\\development\\Proyectos\\UPN212TEZIUTLAN\\evaldoc\\app\\Views\\admin\\sedes\\show.php')
 3 SYSTEMPATH\View\View.php(216): CodeIgniter\View\View->CodeIgniter\View\{closure}()
 4 SYSTEMPATH\Common.php(1184): CodeIgniter\View\View->render('admin/sedes/show', [], true)
 5 APPPATH\Controllers\Admin\SedeController.php(45): view('admin/sedes/show', [...])
 6 SYSTEMPATH\CodeIgniter.php(934): App\Controllers\Admin\SedeController->show('1')
 7 SYSTEMPATH\CodeIgniter.php(499): CodeIgniter\CodeIgniter->runController(Object(App\Controllers\Admin\SedeController))
 8 SYSTEMPATH\CodeIgniter.php(368): CodeIgniter\CodeIgniter->handleRequest(null, Object(Config\Cache), false)
 9 FCPATH\index.php(67): CodeIgniter\CodeIgniter->run()
10 SYSTEMPATH\Commands\Server\rewrite.php(47): require_once('E:\\development\\Proyectos\\UPN212TEZIUTLAN\\evaldoc\\public\\index.php')
INFO - 2023-04-12 04:28:59 --> Session: Class initialized using 'CodeIgniter\Session\Handlers\FileHandler' driver.
WARNING - 2023-04-12 04:28:59 --> [DEPRECATED] Creation of dynamic property App\Controllers\Admin\SedeController::$session is deprecated in APPPATH\Controllers\Admin\SedeController.php on line 16.
 1 SYSTEMPATH\CodeIgniter.php(906): App\Controllers\Admin\SedeController->__construct()
 2 SYSTEMPATH\CodeIgniter.php(490): CodeIgniter\CodeIgniter->createController()
 3 SYSTEMPATH\CodeIgniter.php(368): CodeIgniter\CodeIgniter->handleRequest(null, Object(Config\Cache), false)
 4 FCPATH\index.php(67): CodeIgniter\CodeIgniter->run()
 5 SYSTEMPATH\Commands\Server\rewrite.php(47): require_once('E:\\development\\Proyectos\\UPN212TEZIUTLAN\\evaldoc\\public\\index.php')
